Running: D:\14.7\ISE_DS\ISE\bin\nt64\unwrapped\fuse.exe -intstyle ise -incremental -o C:/Users/NO GO BE/OneDrive/Desktop/Code/Integrated circuit design/lab03/vinh/test_isim_beh.exe -prj C:/Users/NO GO BE/OneDrive/Desktop/Code/Integrated circuit design/lab03/vinh/test_beh.prj work.test 
ISim P.20131013 (signature 0x7708f090)
Number of CPUs detected in this system: 6
Turning on mult-threading, number of parallel sub-compilation jobs: 12 
Determining compilation order of HDL files
Parsing VHDL file "C:/Users/NO GO BE/OneDrive/Desktop/Code/Integrated circuit design/lab03/vinh/Seven_segment.vhd" into library work
Parsing VHDL file "C:/Users/NO GO BE/OneDrive/Desktop/Code/Integrated circuit design/lab03/vinh/PR.vhd" into library work
Parsing VHDL file "C:/Users/NO GO BE/OneDrive/Desktop/Code/Integrated circuit design/lab03/vinh/Game.vhd" into library work
Parsing VHDL file "C:/Users/NO GO BE/OneDrive/Desktop/Code/Integrated circuit design/lab03/vinh/Adder.vhd" into library work
Parsing VHDL file "C:/Users/NO GO BE/OneDrive/Desktop/Code/Integrated circuit design/lab03/vinh/Top_Module.vhd" into library work
Parsing VHDL file "C:/Users/NO GO BE/OneDrive/Desktop/Code/Integrated circuit design/lab03/vinh/test.vhd" into library work
Starting static elaboration
Completed static elaboration
Compiling package standard
Compiling package std_logic_1164
Compiling package std_logic_arith
Compiling package std_logic_unsigned
Compiling architecture behavioral of entity Adder [adder_default]
Compiling architecture behavioral of entity Game [game_default]
Compiling architecture behavioral of entity PR [pr_default]
Compiling architecture behavioral of entity Seven_segment [seven_segment_default]
Compiling architecture behavioral of entity Top_Module [top_module_default]
Compiling architecture behavior of entity test
Time Resolution for simulation is 1ps.
Waiting for 1 sub-compilation(s) to finish...
Compiled 15 VHDL Units
Built simulation executable C:/Users/NO GO BE/OneDrive/Desktop/Code/Integrated circuit design/lab03/vinh/test_isim_beh.exe
Fuse Memory Usage: 34124 KB
Fuse CPU Usage: 421 ms
