Command line:
   part2_second_design_isim_beh.exe
     -simmode  gui
     -simrunnum  0
     -socket  50408

Wed Apr 15 16:26:33 2020


 Elaboration Time: 0.03125 sec

 Current Memory Usage: 5160.61 Meg

 Total Signals          : 17
 Total Nets             : 23
 Total Signal Drivers   : 9
 Total Blocks           : 5
 Total Primitive Blocks : 4
 Total Processes        : 5
 Total Traceable Variables  : 10
 Total Scalar Nets and Variables : 401
Total Line Count : 25

 Total Simulation Time: 0.125 sec

 Current Memory Usage: 4688.75 Meg

Wed Apr 15 17:25:50 2020

