Running: D:\14.7\ISE_DS\ISE\bin\nt64\unwrapped\fuse.exe -intstyle ise -incremental -o C:/Users/NO GO BE/OneDrive/Desktop/Code/Integrated circuit design/lab03/part2/game_test_isim_beh.exe -prj C:/Users/NO GO BE/OneDrive/Desktop/Code/Integrated circuit design/lab03/part2/game_test_beh.prj work.game_test 
ISim P.20131013 (signature 0x7708f090)
Number of CPUs detected in this system: 6
Turning on mult-threading, number of parallel sub-compilation jobs: 12 
Determining compilation order of HDL files
Parsing VHDL file "C:/Users/NO GO BE/OneDrive/Desktop/Code/Integrated circuit design/lab03/part2/Game.vhd" into library work
Parsing VHDL file "C:/Users/NO GO BE/OneDrive/Desktop/Code/Integrated circuit design/lab03/part2/game_test.vhd" into library work
Starting static elaboration
Completed static elaboration
Compiling package standard
Compiling package std_logic_1164
Compiling package std_logic_arith
Compiling package std_logic_unsigned
Compiling architecture behavioral of entity Game [game_default]
Compiling architecture behavior of entity game_test
Time Resolution for simulation is 1ps.
Waiting for 1 sub-compilation(s) to finish...
Compiled 7 VHDL Units
Built simulation executable C:/Users/NO GO BE/OneDrive/Desktop/Code/Integrated circuit design/lab03/part2/game_test_isim_beh.exe
Fuse Memory Usage: 33460 KB
Fuse CPU Usage: 452 ms
