Release 14.7 Map P.20131013 (nt64)
Xilinx Mapping Report File for Design 'second_design'

Design Information
------------------
Command Line   : map -intstyle ise -p xc3s50-pq208-5 -timing -logic_opt off -ol
high -xe n -t 1 -register_duplication off -cm area -ir off -pr b -power off -o
second_design_map.ncd second_design.ngd second_design.pcf 
Target Device  : xc3s50
Target Package : pq208
Target Speed   : -5
Mapper Version : spartan3 -- $Revision: 1.55 $
Mapped Date    : Thu May 14 16:35:51 2020

Design Summary
--------------
Number of errors:      0
Number of warnings:    6
Logic Utilization:
  Number of Slice Flip Flops:             6 out of   1,536    1%
  Number of 4 input LUTs:                18 out of   1,536    1%
Logic Distribution:
  Number of occupied Slices:             12 out of     768    1%
    Number of Slices containing only related logic:      12 out of      12 100%
    Number of Slices containing unrelated logic:          0 out of      12   0%
      *See NOTES below for an explanation of the effects of unrelated logic.
  Total Number of 4 input LUTs:          18 out of   1,536    1%
  Number of bonded IOBs:                 33 out of     124   26%
    IOB Flip Flops:                       2
  Number of BUFGMUXs:                     1 out of       8   12%

Average Fanout of Non-Clock Nets:                2.10

Peak Memory Usage:  4401 MB
Total REAL time to MAP completion:  1 secs 
Total CPU time to MAP completion:   1 secs 

Table of Contents
-----------------
Section 1 - Errors
Section 2 - Warnings
Section 3 - Informational
Section 4 - Removed Logic Summary
Section 5 - Removed Logic
Section 6 - IOB Properties
Section 7 - RPMs
Section 8 - Guide Report
Section 9 - Area Group and Partition Summary
Section 10 - Timing Report
Section 11 - Configuration String Information
Section 12 - Control Set Information
Section 13 - Utilization by Hierarchy

Section 1 - Errors
------------------

Section 2 - Warnings
--------------------
WARNING:Pack:2780 - The register "currentState_4_1" has the property IOB=TRUE,
   but it did not join an IO component because it is not connected to any IO
   element.
WARNING:Pack:2780 - The register "currentState_5_1" has the property IOB=TRUE,
   but it did not join an IO component because it is not connected to any IO
   element.
WARNING:Pack:2780 - The register "currentState_0" has the property IOB=TRUE, but
   it did not join an IO component because it is not connected to any IO
   element.
WARNING:Pack:2780 - The register "currentState_1" has the property IOB=TRUE, but
   it did not join an IO component because it is not connected to any IO
   element.
WARNING:Pack:2780 - The register "currentState_2" has the property IOB=TRUE, but
   it did not join an IO component because it is not connected to any IO
   element.
WARNING:Pack:2780 - The register "currentState_3" has the property IOB=TRUE, but
   it did not join an IO component because it is not connected to any IO
   element.

Section 3 - Informational
-------------------------
INFO:MapLib:562 - No environment variables are currently set.
INFO:LIT:244 - All of the single ended outputs in this design are using slew
   rate limited output drivers. The delay on speed critical single ended outputs
   can be dramatically reduced by designating them as fast outputs.
INFO:Pack:1716 - Initializing temperature to 85.000 Celsius. (default - Range:
   0.000 to 85.000 Celsius)
INFO:Pack:1720 - Initializing voltage to 1.140 Volts. (default - Range: 1.140 to
   1.260 Volts)
INFO:Pack:1650 - Map created a placed design.

Section 4 - Removed Logic Summary
---------------------------------

Section 5 - Removed Logic
-------------------------

To enable printing of redundant blocks removed and signals merged, set the
detailed map report option and rerun map.

Section 6 - IOB Properties
--------------------------

+---------------------------------------------------------------------------------------------------------------------------------------------------------+
| IOB Name                           | Type             | Direction | IO Standard          | Diff  | Drive    | Slew | Reg (s)      | Resistor | IOB      |
|                                    |                  |           |                      | Term  | Strength | Rate |              |          | Delay    |
+---------------------------------------------------------------------------------------------------------------------------------------------------------+
| ADDRIN<0>                          | IOB              | INPUT     | LVCMOS25             |       |          |      |              |          |          |
| ADDRIN<1>                          | IOB              | INPUT     | LVCMOS25             |       |          |      |              |          |          |
| ADDRIN<2>                          | IOB              | INPUT     | LVCMOS25             |       |          |      |              |          |          |
| ADDRIN<3>                          | IOB              | INPUT     | LVCMOS25             |       |          |      |              |          |          |
| ADDRIN<4>                          | IOB              | INPUT     | LVCMOS25             |       |          |      |              |          |          |
| ADDRIN<5>                          | IOB              | INPUT     | LVCMOS25             |       |          |      |              |          |          |
| ADDRIN<6>                          | IOB              | INPUT     | LVCMOS25             |       |          |      |              |          |          |
| ADDRIN<7>                          | IOB              | INPUT     | LVCMOS25             |       |          |      |              |          |          |
| ADDRIN<8>                          | IOB              | INPUT     | LVCMOS25             |       |          |      |              |          |          |
| ADDRIN<9>                          | IOB              | INPUT     | LVCMOS25             |       |          |      |              |          |          |
| ADDRIN<10>                         | IOB              | INPUT     | LVCMOS25             |       |          |      |              |          |          |
| ADDRIN<11>                         | IOB              | INPUT     | LVCMOS25             |       |          |      |              |          |          |
| ADDRIN<12>                         | IOB              | INPUT     | LVCMOS25             |       |          |      |              |          |          |
| ADDRIN<13>                         | IOB              | INPUT     | LVCMOS25             |       |          |      |              |          |          |
| ADDRIN<14>                         | IOB              | INPUT     | LVCMOS25             |       |          |      |              |          |          |
| ADDRIN<15>                         | IOB              | INPUT     | LVCMOS25             |       |          |      |              |          |          |
| ADDROUT<0>                         | IOB              | OUTPUT    | LVCMOS25             |       | 12       | SLOW |              |          |          |
| ADDROUT<1>                         | IOB              | OUTPUT    | LVCMOS25             |       | 12       | SLOW |              |          |          |
| ADDROUT<2>                         | IOB              | OUTPUT    | LVCMOS25             |       | 12       | SLOW |              |          |          |
| ADDROUT<3>                         | IOB              | OUTPUT    | LVCMOS25             |       | 12       | SLOW |              |          |          |
| ADDROUT<4>                         | IOB              | OUTPUT    | LVCMOS25             |       | 12       | SLOW |              |          |          |
| ADDROUT<5>                         | IOB              | OUTPUT    | LVCMOS25             |       | 12       | SLOW |              |          |          |
| ADDROUT<6>                         | IOB              | OUTPUT    | LVCMOS25             |       | 12       | SLOW |              |          |          |
| ADDROUT<7>                         | IOB              | OUTPUT    | LVCMOS25             |       | 12       | SLOW |              |          |          |
| CAS                                | IOB              | OUTPUT    | LVCMOS25             |       | 12       | SLOW | OFF1         |          |          |
| CS                                 | IOB              | INPUT     | LVCMOS25             |       |          |      |              |          |          |
| RAS                                | IOB              | OUTPUT    | LVCMOS25             |       | 12       | SLOW | OFF1         |          |          |
| RD                                 | IOB              | INPUT     | LVCMOS25             |       |          |      |              |          |          |
| RE                                 | IOB              | OUTPUT    | LVCMOS25             |       | 12       | SLOW |              |          |          |
| WR                                 | IOB              | INPUT     | LVCMOS25             |       |          |      |              |          |          |
| clk                                | IOB              | INPUT     | LVCMOS25             |       |          |      |              |          |          |
| ready                              | IOB              | OUTPUT    | LVCMOS25             |       | 12       | SLOW |              |          |          |
| reset                              | IOB              | INPUT     | LVCMOS25             |       |          |      |              |          |          |
+---------------------------------------------------------------------------------------------------------------------------------------------------------+

Section 7 - RPMs
----------------

Section 8 - Guide Report
------------------------
Guide not run on this design.

Section 9 - Area Group and Partition Summary
--------------------------------------------

Partition Implementation Status
-------------------------------

  No Partitions were found in this design.

-------------------------------

Area Group Information
----------------------

  No area groups were found in this design.

----------------------

Section 10 - Timing Report
--------------------------
A logic-level (pre-route) timing report can be generated by using Xilinx static
timing analysis tools, Timing Analyzer (GUI) or TRCE (command line), with the
mapped NCD and PCF files. Please note that this timing report will be generated
using estimated delay information. For accurate numbers, please generate a
timing report with the post Place and Route NCD file.

For more information about the Timing Analyzer, consult the Xilinx Timing
Analyzer Reference Manual; for more information about TRCE, consult the Xilinx
Command Line Tools User Guide "TRACE" chapter.

Section 11 - Configuration String Details
-----------------------------------------
Use the "-detail" map option to print out Configuration Strings

Section 12 - Control Set Information
------------------------------------
No control set information for this architecture.

Section 13 - Utilization by Hierarchy
-------------------------------------
Use the "-detail" map option to print out the Utilization by Hierarchy section.
