Command line:
   part2_isim_beh.exe
     -simmode  gui
     -simrunnum  0
     -socket  63540

Wed Apr 15 15:36:33 2020


 Elaboration Time: 0.03125 sec

 Current Memory Usage: 5160.02 Meg

 Total Signals          : 17
 Total Nets             : 23
 Total Signal Drivers   : 9
 Total Blocks           : 5
 Total Primitive Blocks : 4
 Total Processes        : 5
 Total Traceable Variables  : 10
 Total Scalar Nets and Variables : 401
Total Line Count : 39

 Total Simulation Time: 0.09375 sec

 Current Memory Usage: 5474.59 Meg

Wed Apr 15 15:37:26 2020

